2017-07-25 11:12:26 [::1][-][031qao8380ulgfi2ljutgogos1][error][yii\web\HttpException:404] exception 'yii\base\InvalidRouteException' with message 'Unable to resolve the request: site/say' in D:\xampp\htdocs\advanced\vendor\yiisoft\yii2\base\Controller.php:127
Stack trace:
#0 D:\xampp\htdocs\advanced\vendor\yiisoft\yii2\base\Module.php(523): yii\base\Controller->runAction('say', Array)
#1 D:\xampp\htdocs\advanced\vendor\yiisoft\yii2\web\Application.php(102): yii\base\Module->runAction('site/say', Array)
#2 D:\xampp\htdocs\advanced\vendor\yiisoft\yii2\base\Application.php(380): yii\web\Application->handleRequest(Object(yii\web\Request))
#3 D:\xampp\htdocs\advanced\frontend\web\index.php(17): yii\base\Application->run()
#4 {main}

Next exception 'yii\web\NotFoundHttpException' with message 'Page not found.' in D:\xampp\htdocs\advanced\vendor\yiisoft\yii2\web\Application.php:114
Stack trace:
#0 D:\xampp\htdocs\advanced\vendor\yiisoft\yii2\base\Application.php(380): yii\web\Application->handleRequest(Object(yii\web\Request))
#1 D:\xampp\htdocs\advanced\frontend\web\index.php(17): yii\base\Application->run()
#2 {main}
2017-07-25 11:12:25 [::1][-][031qao8380ulgfi2ljutgogos1][info][application] $_GET = [
    'r' => 'site/say'
    'message' => 'Hello World'
]

$_COOKIE = [
    '_ga' => 'GA1.1.1089017841.1494583953'
    'advanced-backend' => 'p6shrtk2nnsvg12s5ls7mmp9r0'
    '_csrf-backend' => 'd78a67853b1acf710d0a1d7dae807b608a60c539a799519bc3160549294c28b2a:2:{i:0;s:13:\"_csrf-backend\";i:1;s:32:\"*þqY\"ÄÓˆJÌÃÑ‰Ñ[ÀB»Ã;âq–BÅè°Ë\";}'
    '_csrf-frontend' => '8af2011e1da816ca434e9ff45ba17bd29d98645eccd94578457228e466ba7ef0a:2:{i:0;s:14:\"_csrf-frontend\";i:1;s:32:\"€(‰åo®/šçHÂcÞb‹UÊŽ-¡!r£Êœ€ªAL\";}'
    'advanced-frontend' => '031qao8380ulgfi2ljutgogos1'
]

$_SESSION = [
    '__flash' => []
    '__captcha/site/captcha' => 'lrdele'
    '__captcha/site/captchacount' => 1
]

$_SERVER = [
    'MIBDIRS' => 'D:/xampp/php/extras/mibs'
    'MYSQL_HOME' => '\\xampp\\mysql\\bin'
    'OPENSSL_CONF' => 'D:/xampp/apache/bin/openssl.cnf'
    'PHP_PEAR_SYSCONF_DIR' => '\\xampp\\php'
    'PHPRC' => '\\xampp\\php'
    'TMP' => '\\xampp\\tmp'
    'HTTP_HOST' => 'localhost'
    'HTTP_CONNECTION' => 'keep-alive'
    'HTTP_UPGRADE_INSECURE_REQUESTS' => '1'
    'HTTP_USER_AGENT' => 'Mozilla/5.0 (Windows NT 6.1; Win64; x64) AppleWebKit/537.36 (KHTML, like Gecko) Chrome/59.0.3071.115 Safari/537.36'
    'HTTP_ACCEPT' => 'text/html,application/xhtml+xml,application/xml;q=0.9,image/webp,image/apng,*/*;q=0.8'
    'HTTP_ACCEPT_ENCODING' => 'gzip, deflate, br'
    'HTTP_ACCEPT_LANGUAGE' => 'zh-CN,zh;q=0.8'
    'HTTP_COOKIE' => '_ga=GA1.1.1089017841.1494583953; advanced-backend=p6shrtk2nnsvg12s5ls7mmp9r0; _csrf-backend=d78a67853b1acf710d0a1d7dae807b608a60c539a799519bc3160549294c28b2a%3A2%3A%7Bi%3A0%3Bs%3A13%3A%22_csrf-backend%22%3Bi%3A1%3Bs%3A32%3A%22%2A%14%FEqY%22%C4%D3%88J%CC%C3%D1%89%D1%5B%C0B%0D%BB%C3%04%3B%E2q%96B%C5%E8%B0%CB%1F%22%3B%7D; _csrf-frontend=8af2011e1da816ca434e9ff45ba17bd29d98645eccd94578457228e466ba7ef0a%3A2%3A%7Bi%3A0%3Bs%3A14%3A%22_csrf-frontend%22%3Bi%3A1%3Bs%3A32%3A%22%80%28%89%E5o%AE%2F%9A%E7H%C2c%DEb%8BU%CA%8E-%0D%A1%21r%A3%7F%CA%9C%80%AA%1DAL%22%3B%7D; advanced-frontend=031qao8380ulgfi2ljutgogos1'
    'PATH' => 'C:\\ProgramData\\Oracle\\Java\\javapath;C:\\Windows\\system32;C:\\Windows;C:\\Windows\\System32\\Wbem;C:\\Windows\\System32\\WindowsPowerShell\\v1.0\\;D:\\xampp\\php;C:\\ProgramData\\ComposerSetup\\bin;E:\\Git\\cmd;E:\\svn\\bin;E:\\jdk\\bin;E:\\jdk\\jre\\bin;E:\\maven\\apache-maven-3.3.9\\bin;E:\\nodejs\\;C:\\Users\\Administrator\\AppData\\Roaming\\Composer\\vendor\\bin;C:\\Users\\Administrator\\AppData\\Local\\atom\\bin;C:\\Users\\Administrator\\AppData\\Roaming\\npm'
    'SystemRoot' => 'C:\\Windows'
    'COMSPEC' => 'C:\\Windows\\system32\\cmd.exe'
    'PATHEXT' => '.COM;.EXE;.BAT;.CMD;.VBS;.VBE;.JS;.JSE;.WSF;.WSH;.MSC'
    'WINDIR' => 'C:\\Windows'
    'SERVER_SIGNATURE' => '<address>Apache/2.4.23 (Win32) OpenSSL/1.0.2h PHP/5.6.28 Server at localhost Port 80</address>
'
    'SERVER_SOFTWARE' => 'Apache/2.4.23 (Win32) OpenSSL/1.0.2h PHP/5.6.28'
    'SERVER_NAME' => 'localhost'
    'SERVER_ADDR' => '::1'
    'SERVER_PORT' => '80'
    'REMOTE_ADDR' => '::1'
    'DOCUMENT_ROOT' => 'D:/xampp/htdocs/'
    'REQUEST_SCHEME' => 'http'
    'CONTEXT_PREFIX' => ''
    'CONTEXT_DOCUMENT_ROOT' => 'D:/xampp/htdocs/'
    'SERVER_ADMIN' => 'webmaster@dummy-host2.example.com'
    'SCRIPT_FILENAME' => 'D:/xampp/htdocs/advanced/frontend/web/index.php'
    'REMOTE_PORT' => '49315'
    'GATEWAY_INTERFACE' => 'CGI/1.1'
    'SERVER_PROTOCOL' => 'HTTP/1.1'
    'REQUEST_METHOD' => 'GET'
    'QUERY_STRING' => 'r=site/say&message=Hello+World'
    'REQUEST_URI' => '/advanced/frontend/web/index.php?r=site/say&message=Hello+World'
    'SCRIPT_NAME' => '/advanced/frontend/web/index.php'
    'PHP_SELF' => '/advanced/frontend/web/index.php'
    'REQUEST_TIME_FLOAT' => 1500973945.957
    'REQUEST_TIME' => 1500973945
]
